<?xml version="1.0" encoding="UTF-8"?>
<!-- Generated by org.testng.reporters.JUnitXMLReporter -->
<testsuite hostname="MusabayTechCorp" ignored="0" name="Greate Course Smoke Tests" tests="2" failures="1" timestamp="13 Jan 2018 19:06:35 GMT" time="9.498" errors="0">
  <testcase name="Test1" time="6.58" classname="com.automation.tests.TestCommandline"/>
  <testcase name="Test2" time="2.878" classname="com.automation.tests.TestCommandline">
    <failure type="java.lang.AssertionError" message="expected [aaaa] but found [Google]">
      <![CDATA[java.lang.AssertionError: expected [aaaa] but found [Google]
	at com.automation.tests.TestCommandline.Test2(TestCommandline.java:29)
... Removed 31 stack frames]]>
    </failure>
  </testcase> <!-- Test2 -->
</testsuite> <!-- Greate Course Smoke Tests -->
