<?xml version="1.0" encoding="UTF-8"?>
<testng-results ignored="1" total="2" passed="0" failed="1" skipped="0">
  <reporter-output>
  </reporter-output>
  <suite started-at="2024-03-01T10:38:51Z" name="Default suite" finished-at="2024-03-01T10:38:59Z" duration-ms="8861">
    <groups>
    </groups>
    <test started-at="2024-03-01T10:38:51Z" name="Default test" finished-at="2024-03-01T10:38:59Z" duration-ms="8861">
      <class name="com.automation.tests.RegressionTests">
        <test-method is-config="true" signature="beforeAllTestStart()[pri:0, instance:com.automation.tests.RegressionTests@2dfaea86]" started-at="2024-03-01T05:38:51Z" name="beforeAllTestStart" finished-at="2024-03-01T05:38:51Z" duration-ms="7" status="PASS">
          <reporter-output>
          </reporter-output>
        </test-method> <!-- beforeAllTestStart -->
        <test-method is-config="true" signature="beforeEachTestStart()[pri:0, instance:com.automation.tests.RegressionTests@2dfaea86]" started-at="2024-03-01T05:38:51Z" name="beforeEachTestStart" finished-at="2024-03-01T05:38:52Z" duration-ms="1434" status="PASS">
          <reporter-output>
          </reporter-output>
        </test-method> <!-- beforeEachTestStart -->
        <test-method signature="buyACourseTest()[pri:1, instance:com.automation.tests.RegressionTests@2dfaea86]" started-at="2024-03-01T05:38:52Z" name="buyACourseTest" finished-at="2024-03-01T05:38:53Z" duration-ms="1502" status="FAIL">
          <exception class="java.lang.AssertionError">
            <message>
              <![CDATA[expected [Online Courses & Lectures for Home Study and Lifelong Learning] but found []]]>
            </message>
            <full-stacktrace>
              <![CDATA[java.lang.AssertionError: expected [Online Courses & Lectures for Home Study and Lifelong Learning] but found []
	at org.testng.Assert.fail(Assert.java:94)
	at org.testng.Assert.failNotEquals(Assert.java:513)
	at org.testng.Assert.assertEqualsImpl(Assert.java:135)
	at org.testng.Assert.assertEquals(Assert.java:116)
	at org.testng.Assert.assertEquals(Assert.java:190)
	at org.testng.Assert.assertEquals(Assert.java:200)
	at com.automation.pages.HomePage.goto_theGreatCoursesWebsite(HomePage.java:18)
	at com.automation.tests.RegressionTests.buyACourseTest(RegressionTests.java:21)
	at java.base/jdk.internal.reflect.NativeMethodAccessorImpl.invoke0(Native Method)
	at java.base/jdk.internal.reflect.NativeMethodAccessorImpl.invoke(NativeMethodAccessorImpl.java:62)
	at java.base/jdk.internal.reflect.DelegatingMethodAccessorImpl.invoke(DelegatingMethodAccessorImpl.java:43)
	at java.base/java.lang.reflect.Method.invoke(Method.java:564)
	at org.testng.internal.MethodInvocationHelper.invokeMethod(MethodInvocationHelper.java:104)
	at org.testng.internal.Invoker.invokeMethod(Invoker.java:645)
	at org.testng.internal.Invoker.invokeTestMethod(Invoker.java:851)
	at org.testng.internal.Invoker.invokeTestMethods(Invoker.java:1177)
	at org.testng.internal.TestMethodWorker.invokeTestMethods(TestMethodWorker.java:129)
	at org.testng.internal.TestMethodWorker.run(TestMethodWorker.java:112)
	at org.testng.TestRunner.privateRun(TestRunner.java:756)
	at org.testng.TestRunner.run(TestRunner.java:610)
	at org.testng.SuiteRunner.runTest(SuiteRunner.java:387)
	at org.testng.SuiteRunner.runSequentially(SuiteRunner.java:382)
	at org.testng.SuiteRunner.privateRun(SuiteRunner.java:340)
	at org.testng.SuiteRunner.run(SuiteRunner.java:289)
	at org.testng.SuiteRunnerWorker.runSuite(SuiteRunnerWorker.java:52)
	at org.testng.SuiteRunnerWorker.run(SuiteRunnerWorker.java:86)
	at org.testng.TestNG.runSuitesSequentially(TestNG.java:1293)
	at org.testng.TestNG.runSuitesLocally(TestNG.java:1218)
	at org.testng.TestNG.runSuites(TestNG.java:1133)
	at org.testng.TestNG.run(TestNG.java:1104)
	at org.testng.remote.AbstractRemoteTestNG.run(AbstractRemoteTestNG.java:115)
	at org.testng.remote.RemoteTestNG.initAndRun(RemoteTestNG.java:251)
	at org.testng.remote.RemoteTestNG.main(RemoteTestNG.java:77)
]]>
            </full-stacktrace>
          </exception> <!-- java.lang.AssertionError -->
          <reporter-output>
          </reporter-output>
        </test-method> <!-- buyACourseTest -->
        <test-method is-config="true" signature="afterEachTestComplete(org.testng.ITestResult)[pri:0, instance:com.automation.tests.RegressionTests@2dfaea86]" started-at="2024-03-01T05:38:54Z" name="afterEachTestComplete" finished-at="2024-03-01T05:38:59Z" duration-ms="5295" status="PASS">
          <params>
            <param index="0">
              <value>
                <![CDATA[[TestResult name=buyACourseTest status=FAILURE method=RegressionTests.buyACourseTest()[pri:1, instance:com.automation.tests.RegressionTests@2dfaea86] output={null}]]]>
              </value>
            </param>
          </params>
          <reporter-output>
          </reporter-output>
        </test-method> <!-- afterEachTestComplete -->
        <test-method is-config="true" signature="afterAllTestsComplete()[pri:0, instance:com.automation.tests.RegressionTests@2dfaea86]" started-at="2024-03-01T05:38:59Z" name="afterAllTestsComplete" finished-at="2024-03-01T05:38:59Z" duration-ms="612" status="PASS">
          <reporter-output>
          </reporter-output>
        </test-method> <!-- afterAllTestsComplete -->
      </class> <!-- com.automation.tests.RegressionTests -->
    </test> <!-- Default test -->
  </suite> <!-- Default suite -->
</testng-results>
